LoginPage: 02/08/2021 11:42:59 PM - INFO: Element Found with locator: //a[@href='/login'] and locatorType: xpath
LoginPage: 02/08/2021 11:43:00 PM - INFO: Clicked on the element with locator: //a[@href='/login'] and locatorType: xpath
LoginPage: 02/08/2021 11:43:00 PM - INFO: Element Found with locator: email and locatorType: id
LoginPage: 02/08/2021 11:43:00 PM - INFO: Sent data on the element with locator: email and locatorType: id
LoginPage: 02/08/2021 11:43:00 PM - INFO: Element Found with locator: password and locatorType: id
LoginPage: 02/08/2021 11:43:00 PM - INFO: Sent data on the element with locator: password and locatorType: id
LoginPage: 02/08/2021 11:43:00 PM - INFO: Element Found with locator: //input[@value='Login'] and locatorType: xpath
LoginPage: 02/08/2021 11:43:02 PM - INFO: Clicked on the element with locator: //input[@value='Login'] and locatorType: xpath
LoginPage: 02/08/2021 11:43:04 PM - INFO: Element Found with locator: //span[contains(text(), 'Your username or password is invalid. Please try again.')] and locatorType: xpath
LoginPage: 02/08/2021 11:43:04 PM - INFO: Found element
LoginPage: 02/08/2021 11:43:04 PM - INFO: Element Found with locator: //a[@href='/login'] and locatorType: xpath
LoginPage: 02/08/2021 11:43:06 PM - INFO: Clicked on the element with locator: //a[@href='/login'] and locatorType: xpath
LoginPage: 02/08/2021 11:43:06 PM - INFO: Element Found with locator: email and locatorType: id
LoginPage: 02/08/2021 11:43:06 PM - INFO: Sent data on the element with locator: email and locatorType: id
LoginPage: 02/08/2021 11:43:06 PM - INFO: Element Found with locator: password and locatorType: id
LoginPage: 02/08/2021 11:43:06 PM - INFO: Sent data on the element with locator: password and locatorType: id
LoginPage: 02/08/2021 11:43:06 PM - INFO: Element Found with locator: //input[@value='Login'] and locatorType: xpath
LoginPage: 02/08/2021 11:43:08 PM - INFO: Clicked on the element with locator: //input[@value='Login'] and locatorType: xpath
TestStatus: 02/08/2021 11:43:08 PM - INFO: #### VERIFICATION SUCCESSFUL :: Title Verified
LoginPage: 02/08/2021 11:43:08 PM - INFO: Element Found with locator: //button[@id='dropdownMenu1']//span[text()='My Account'] and locatorType: xpath
LoginPage: 02/08/2021 11:43:08 PM - INFO: Found element
TestStatus: 02/08/2021 11:43:08 PM - INFO: #### VERIFICATION SUCCESSFUL :: Login was successful
TestStatus: 02/08/2021 11:43:08 PM - INFO: test_validLogin #### TEST SUCCESSFUL
