1627396056724	geckodriver	INFO	Listening on 127.0.0.1:52653
1627396059708	mozrunner::runner	INFO	Running command: "C:\\Program Files\\Mozilla Firefox\\firefox.exe" "--marionette" "-foreground" "-no-remote" "-profile" "C:\\Users\\Mathe\\AppData\\Local\\Temp\\rust_mozprofile54sJXj"
1627396061232	Marionette	INFO	Marionette enabled
console.warn: SearchSettings: "get: No settings file exists, new profile?" (new NotFoundError("Could not open the file at C:\\Users\\Mathe\\AppData\\Local\\Temp\\rust_mozprofile54sJXj\\search.json.mozlz4", (void 0)))
1627396068022	Marionette	INFO	Listening on port 55571
1627396068232	Marionette	WARN	TLS certificate errors will be ignored for this session
JavaScript warning: https://d235vmrai5heq2.cloudfront.net/js/default/review.js?v=V3.1.60076, line 33: unreachable code after return statement
JavaScript warning: https://d235vmrai5heq2.cloudfront.net/js/default/review.js?v=V3.1.60076, line 33: unreachable code after return statement
JavaScript warning: https://d235vmrai5heq2.cloudfront.net/js/default/review.js?v=V3.1.60076, line 33: unreachable code after return statement
JavaScript warning: https://d235vmrai5heq2.cloudfront.net/js/default/review.js?v=V3.1.60076, line 33: unreachable code after return statement
1627396090503	Marionette	INFO	Stopped listening on port 55571
1627396159738	geckodriver	INFO	Listening on 127.0.0.1:61882
1627396162775	mozrunner::runner	INFO	Running command: "C:\\Program Files\\Mozilla Firefox\\firefox.exe" "--marionette" "-foreground" "-no-remote" "-profile" "C:\\Users\\Mathe\\AppData\\Local\\Temp\\rust_mozprofileRmxQ8u"
1627396163848	Marionette	INFO	Marionette enabled
console.warn: SearchSettings: "get: No settings file exists, new profile?" (new NotFoundError("Could not open the file at C:\\Users\\Mathe\\AppData\\Local\\Temp\\rust_mozprofileRmxQ8u\\search.json.mozlz4", (void 0)))
1627396168536	Marionette	INFO	Listening on port 61890
1627396168636	Marionette	WARN	TLS certificate errors will be ignored for this session
JavaScript warning: https://d235vmrai5heq2.cloudfront.net/js/default/review.js?v=V3.1.60076, line 33: unreachable code after return statement
JavaScript warning: https://d235vmrai5heq2.cloudfront.net/js/default/review.js?v=V3.1.60076, line 33: unreachable code after return statement
JavaScript warning: https://d235vmrai5heq2.cloudfront.net/js/default/review.js?v=V3.1.60076, line 33: unreachable code after return statement
JavaScript warning: https://d235vmrai5heq2.cloudfront.net/js/default/review.js?v=V3.1.60076, line 33: unreachable code after return statement
1627396193541	Marionette	INFO	Stopped listening on port 61890
